<?xml version="1.0" encoding="UTF-8"?>
<!-- Generated by org.testng.reporters.JUnitReportReporter -->
<testsuite hostname="LAPTOP-PNGPKDMJ" failures="0" tests="1" name="com.inetbanking.testCases.TC_LoginTest_001" time="1.765" errors="0" timestamp="01 Aug 2019 21:09:16 GMT" skipped="0">
  <testcase classname="com.inetbanking.testCases.TC_LoginTest_001" name="loginTest" time="1.765"/>
</testsuite> <!-- com.inetbanking.testCases.TC_LoginTest_001 -->
