<?xml version="1.0" encoding="UTF-8"?>
<!-- Generated by org.testng.reporters.JUnitReportReporter -->
<testsuite hostname="LAPTOP-PNGPKDMJ" failures="0" tests="1" name="com.inetbanking.testCases.TC_LoginTest_001" time="2.624" errors="0" timestamp="07 Aug 2019 20:15:54 GMT" skipped="0">
  <testcase classname="com.inetbanking.testCases.TC_LoginTest_001" name="loginTest" time="2.624"/>
</testsuite> <!-- com.inetbanking.testCases.TC_LoginTest_001 -->
